\BOOKMARK [0][]{cover.0}{Cover}{}% 1
\BOOKMARK [0][]{titulo.0}{Face Page}{}% 2
\BOOKMARK [0][]{cip.0}{Cataloging-in-Publication}{}% 3
\BOOKMARK [0][]{aprovacao.0}{Thesis Committee Composition:}{}% 4
\BOOKMARK [0][]{dedication.0}{Dedication}{}% 5
\BOOKMARK [0][]{acknowledgment.0}{Acknowledgments}{}% 6
\BOOKMARK [0][]{resumo.0}{Resumo}{}% 7
\BOOKMARK [0][]{abstract.0}{Abstract}{}% 8
\BOOKMARK [0][]{listafiguras.0}{List of Figures}{}% 9
\BOOKMARK [0][]{listatabelas.0}{List of Tables}{}% 10
\BOOKMARK [0][]{listaabreviaturas.0}{List of Abbreviations and Acronyms}{}% 11
\BOOKMARK [0][]{listasimbolos.0}{List of Symbols}{}% 12
\BOOKMARK [0][]{contents.0}{Contents}{}% 13
\BOOKMARK [0][]{chapter.1}{1 Introdu\347\343o}{}% 14
\BOOKMARK [1][]{section.1.1}{1.1 Objetivo}{chapter.1}% 15
\BOOKMARK [1][]{section.1.2}{1.2 Motiva\347\343o}{chapter.1}% 16
\BOOKMARK [1][]{section.1.3}{1.3 Organiza\347\343o do trabalho}{chapter.1}% 17
\BOOKMARK [2][]{subsection.1.3.1}{1.3.1 Sub-organiza\347\343o}{section.1.3}% 18
\BOOKMARK [0][]{chapter.2}{2 Modelagem Din\342mica de Cupins Cibern\351ticos}{}% 19
\BOOKMARK [1][]{section.2.1}{2.1 Modelagem no espa\347o das juntas}{chapter.2}% 20
\BOOKMARK [0][]{chapter.3}{3 Controle Robusto de Concretos Ca\363ticos}{}% 21
\BOOKMARK [1][]{section.3.1}{3.1 Controle combinado}{chapter.3}% 22
\BOOKMARK [0][]{chapter.4}{4 Conclus\343o}{}% 23
\BOOKMARK [0][]{chapter.5}{Bibliography}{}% 24
\BOOKMARK [0][]{appendix.A}{A T\363picos de Dilema Linear}{}% 25
\BOOKMARK [1][]{section.A.1}{A.1 Uma Primeira Se\347\343o para o Ap\352ndice}{appendix.A}% 26
\BOOKMARK [0][]{annex.a}{A Exemplo de um Primeiro Anexo}{}% 27
\BOOKMARK [1][]{section.a.1}{A.1 Uma Se\347\343o do Primeiro Anexo}{annex.a}% 28
\BOOKMARK [0][]{bla.0}{Folha de Registro do Documento}{}% 29
