This is pdfTeX, Version 3.14159265-2.6-1.40.16 (TeX Live 2015/Debian) (preloaded format=pdflatex 2018.5.28)  26 JUN 2018 11:43
entering extended mode
 restricted \write18 enabled.
 %&-line parsing enabled.
**tese_spy.tex
(./tese_spy.tex
LaTeX2e <2016/02/01>
Babel <3.9q> and hyphenation patterns for 81 language(s) loaded.
(./ita.cls
Document Class: ita 2006/03/10 v2.0 Classe de documento com padrões do ITA
(/usr/share/texlive/texmf-dist/tex/generic/oberdiek/ifpdf.sty
Package: ifpdf 2011/01/30 v2.3 Provides the ifpdf switch (HO)
Package ifpdf Info: pdfTeX in PDF mode is detected.
) (./defaults.def) (./tg.def) (/usr/share/texlive/texmf-dist/tex/latex/base/boo
k.cls
Document Class: book 2014/09/29 v1.4h Standard LaTeX document class
(/usr/share/texlive/texmf-dist/tex/latex/base/bk12.clo
File: bk12.clo 2014/09/29 v1.4h Standard LaTeX file (size option)
)
\c@part=\count79
\c@chapter=\count80
\c@section=\count81
\c@subsection=\count82
\c@subsubsection=\count83
\c@paragraph=\count84
\c@subparagraph=\count85
\c@figure=\count86
\c@table=\count87
\abovecaptionskip=\skip41
\belowcaptionskip=\skip42
\bibindent=\dimen102
)
(/usr/share/texlive/texmf-dist/tex/latex/tools/calc.sty
Package: calc 2014/10/28 v4.3 Infix arithmetic (KKT,FJ)
\calc@Acount=\count88
\calc@Bcount=\count89
\calc@Adimen=\dimen103
\calc@Bdimen=\dimen104
\calc@Askip=\skip43
\calc@Bskip=\skip44
LaTeX Info: Redefining \setlength on input line 80.
LaTeX Info: Redefining \addtolength on input line 81.
\calc@Ccount=\count90
\calc@Cskip=\skip45
)
(/usr/share/texlive/texmf-dist/tex/latex/base/ifthen.sty
Package: ifthen 2014/09/29 v1.1c Standard LaTeX ifthen package (DPC)
)
(/usr/share/texlive/texmf-dist/tex/generic/babel/babel.sty
Package: babel 2016/02/24 3.9q The Babel package

(/usr/share/texlive/texmf-dist/tex/generic/babel-english/english.ldf
Language: english 2012/08/20 v3.3p English support from the babel system

(/usr/share/texlive/texmf-dist/tex/generic/babel/babel.def
File: babel.def 2016/02/24 3.9q Babel common definitions
\babel@savecnt=\count91
\U@D=\dimen105
)
\l@canadian = a dialect from \language\l@american 
\l@australian = a dialect from \language\l@british 
\l@newzealand = a dialect from \language\l@british 
)) (./itaeng.babel)
(/usr/share/texlive/texmf-dist/tex/latex/base/inputenc.sty
Package: inputenc 2015/03/17 v1.2c Input encoding file
\inpenc@prehook=\toks14
\inpenc@posthook=\toks15

(/usr/share/texlive/texmf-dist/tex/latex/base/latin1.def
File: latin1.def 2015/03/17 v1.2c Input encoding file
))
(/usr/share/texlive/texmf-dist/tex/latex/setspace/setspace.sty
Package: setspace 2011/12/19 v6.7a set line spacing
)
(/usr/share/texlive/texmf-dist/tex/latex/fancyhdr/fancyhdr.sty
\fancy@headwidth=\skip46
\f@ncyO@elh=\skip47
\f@ncyO@erh=\skip48
\f@ncyO@olh=\skip49
\f@ncyO@orh=\skip50
\f@ncyO@elf=\skip51
\f@ncyO@erf=\skip52
\f@ncyO@olf=\skip53
\f@ncyO@orf=\skip54
)
(/usr/share/texlive/texmf-dist/tex/latex/amsfonts/amsfonts.sty
Package: amsfonts 2013/01/14 v3.01 Basic AMSFonts support
\@emptytoks=\toks16
\symAMSa=\mathgroup4
\symAMSb=\mathgroup5
LaTeX Font Info:    Overwriting math alphabet `\mathfrak' in version `bold'
(Font)                  U/euf/m/n --> U/euf/b/n on input line 106.
)
(/usr/share/texlive/texmf-dist/tex/latex/lastpage/lastpage.sty
Package: lastpage 2015/03/29 v1.2m Refers to last page's name (HMM; JPG)
)
(/usr/share/texlive/texmf-dist/tex/latex/tools/indentfirst.sty
Package: indentfirst 1995/11/23 v1.03 Indent first paragraph (DPC)
)
(/usr/share/texlive/texmf-dist/tex/latex/caption/caption.sty
Package: caption 2016/02/21 v3.3-144 Customizing captions (AR)

(/usr/share/texlive/texmf-dist/tex/latex/caption/caption3.sty
Package: caption3 2016/02/04 v1.7-139 caption3 kernel (AR)
Package caption3 Info: TeX engine: e-TeX on input line 67.

(/usr/share/texlive/texmf-dist/tex/latex/graphics/keyval.sty
Package: keyval 2014/10/28 v1.15 key=value parser (DPC)
\KV@toks@=\toks17
)
\captionmargin=\dimen106
\captionmargin@=\dimen107
\captionwidth=\dimen108
\caption@tempdima=\dimen109
\caption@indent=\dimen110
\caption@parindent=\dimen111
\caption@hangindent=\dimen112
)
\c@ContinuedFloat=\count92
)
(/usr/share/texlive/texmf-dist/tex/latex/tools/longtable.sty
Package: longtable 2014/10/28 v4.11 Multi-page Table package (DPC)
\LTleft=\skip55
\LTright=\skip56
\LTpre=\skip57
\LTpost=\skip58
\LTchunksize=\count93
\LTcapwidth=\dimen113
\LT@head=\box26
\LT@firsthead=\box27
\LT@foot=\box28
\LT@lastfoot=\box29
\LT@cols=\count94
\LT@rows=\count95
\c@LT@tables=\count96
\c@LT@chunks=\count97
\LT@p@ftn=\toks18
)
(/usr/share/texlive/texmf-dist/tex/latex/tools/array.sty
Package: array 2014/10/28 v2.4c Tabular extension package (FMi)
\col@sep=\dimen114
\extrarowheight=\dimen115
\NC@list=\toks19
\extratabsurround=\skip59
\backup@length=\skip60
)
(/usr/share/texlive/texmf-dist/tex/latex/tools/tabularx.sty
Package: tabularx 2014/10/28 v2.10 `tabularx' package (DPC)
\TX@col@width=\dimen116
\TX@old@table=\dimen117
\TX@old@col=\dimen118
\TX@target=\dimen119
\TX@delta=\dimen120
\TX@cols=\count98
\TX@ftn=\toks20
) (./makeglo.sty
Package: makeglo 
\glossentrylen=\skip61
)
(/usr/share/texlive/texmf-dist/tex/latex/graphics/color.sty
Package: color 2016/01/03 v1.1b Standard LaTeX Color (DPC)

(/usr/share/texlive/texmf-dist/tex/latex/latexconfig/color.cfg
File: color.cfg 2007/01/18 v1.5 color configuration of teTeX/TeXLive
)
Package color Info: Driver file: pdftex.def on input line 143.

(/usr/share/texlive/texmf-dist/tex/latex/pdftex-def/pdftex.def
File: pdftex.def 2011/05/27 v0.06d Graphics/color for pdfTeX

(/usr/share/texlive/texmf-dist/tex/generic/oberdiek/infwarerr.sty
Package: infwarerr 2010/04/08 v1.3 Providing info/warning/error messages (HO)
)
(/usr/share/texlive/texmf-dist/tex/generic/oberdiek/ltxcmds.sty
Package: ltxcmds 2011/11/09 v1.22 LaTeX kernel commands for general use (HO)
)
\Gread@gobject=\count99
))
(/usr/share/texlive/texmf-dist/tex/latex/hyphenat/hyphenat.sty
Package: hyphenat 2009/09/02 v2.3c hyphenation utilities
\langwohyphens=\language81
LaTeX Info: Redefining \_ on input line 43.
)
(/usr/share/texlive/texmf-dist/tex/latex/base/makeidx.sty
Package: makeidx 2014/09/29 v1.0m Standard LaTeX package
)
(/usr/share/texlive/texmf-dist/tex/latex/hyperref/hyperref.sty
Package: hyperref 2012/11/06 v6.83m Hypertext links for LaTeX

(/usr/share/texlive/texmf-dist/tex/generic/oberdiek/hobsub-hyperref.sty
Package: hobsub-hyperref 2012/05/28 v1.13 Bundle oberdiek, subset hyperref (HO)


(/usr/share/texlive/texmf-dist/tex/generic/oberdiek/hobsub-generic.sty
Package: hobsub-generic 2012/05/28 v1.13 Bundle oberdiek, subset generic (HO)
Package: hobsub 2012/05/28 v1.13 Construct package bundles (HO)
Package hobsub Info: Skipping package `infwarerr' (already loaded).
Package hobsub Info: Skipping package `ltxcmds' (already loaded).
Package: ifluatex 2010/03/01 v1.3 Provides the ifluatex switch (HO)
Package ifluatex Info: LuaTeX not detected.
Package: ifvtex 2010/03/01 v1.5 Detect VTeX and its facilities (HO)
Package ifvtex Info: VTeX not detected.
Package: intcalc 2007/09/27 v1.1 Expandable calculations with integers (HO)
Package hobsub Info: Skipping package `ifpdf' (already loaded).
Package: etexcmds 2011/02/16 v1.5 Avoid name clashes with e-TeX commands (HO)
Package etexcmds Info: Could not find \expanded.
(etexcmds)             That can mean that you are not using pdfTeX 1.50 or
(etexcmds)             that some package has redefined \expanded.
(etexcmds)             In the latter case, load this package earlier.
Package: kvsetkeys 2012/04/25 v1.16 Key value parser (HO)
Package: kvdefinekeys 2011/04/07 v1.3 Define keys (HO)
Package: pdftexcmds 2011/11/29 v0.20 Utility functions of pdfTeX for LuaTeX (HO
)
Package pdftexcmds Info: LuaTeX not detected.
Package pdftexcmds Info: \pdf@primitive is available.
Package pdftexcmds Info: \pdf@ifprimitive is available.
Package pdftexcmds Info: \pdfdraftmode found.
Package: pdfescape 2011/11/25 v1.13 Implements pdfTeX's escape features (HO)
Package: bigintcalc 2012/04/08 v1.3 Expandable calculations on big integers (HO
)
Package: bitset 2011/01/30 v1.1 Handle bit-vector datatype (HO)
Package: uniquecounter 2011/01/30 v1.2 Provide unlimited unique counter (HO)
)
Package hobsub Info: Skipping package `hobsub' (already loaded).
Package: letltxmacro 2010/09/02 v1.4 Let assignment for LaTeX macros (HO)
Package: hopatch 2012/05/28 v1.2 Wrapper for package hooks (HO)
Package: xcolor-patch 2011/01/30 xcolor patch
Package: atveryend 2011/06/30 v1.8 Hooks at the very end of document (HO)
Package atveryend Info: \enddocument detected (standard20110627).
Package: atbegshi 2011/10/05 v1.16 At begin shipout hook (HO)
Package: refcount 2011/10/16 v3.4 Data extraction from label references (HO)
Package: hycolor 2011/01/30 v1.7 Color options for hyperref/bookmark (HO)
)
(/usr/share/texlive/texmf-dist/tex/generic/ifxetex/ifxetex.sty
Package: ifxetex 2010/09/12 v0.6 Provides ifxetex conditional
)
(/usr/share/texlive/texmf-dist/tex/latex/oberdiek/auxhook.sty
Package: auxhook 2011/03/04 v1.3 Hooks for auxiliary files (HO)
)
(/usr/share/texlive/texmf-dist/tex/latex/oberdiek/kvoptions.sty
Package: kvoptions 2011/06/30 v3.11 Key value format for package options (HO)
)
\@linkdim=\dimen121
\Hy@linkcounter=\count100
\Hy@pagecounter=\count101

(/usr/share/texlive/texmf-dist/tex/latex/hyperref/pd1enc.def
File: pd1enc.def 2012/11/06 v6.83m Hyperref: PDFDocEncoding definition (HO)
)
\Hy@SavedSpaceFactor=\count102

(/usr/share/texlive/texmf-dist/tex/latex/latexconfig/hyperref.cfg
File: hyperref.cfg 2002/06/06 v1.2 hyperref configuration of TeXLive
)
Package hyperref Info: Option `debug' set `true' on input line 4319.


Package hyperref Warning: Option `a4paper' is no longer used.

Package hyperref Info: Option `breaklinks' set `true' on input line 4319.
Package hyperref Info: Option `bookmarksopen' set `true' on input line 4319.
Package hyperref Info: Option `colorlinks' set `true' on input line 4319.
Package hyperref Info: Option `bookmarksnumbered' set `true' on input line 4319
.
Package hyperref Info: Option `hyperindex' set `true' on input line 4319.
Package hyperref Info: Option `verbose' set `true' on input line 4319.
Package hyperref Info: Hyper figures OFF on input line 4443.
Package hyperref Info: Link nesting OFF on input line 4448.
Package hyperref Info: Hyper index ON on input line 4451.
Package hyperref Info: Plain pages OFF on input line 4458.
Package hyperref Info: Backreferencing ON on input line 4461.
Package hyperref Info: Implicit mode ON; LaTeX internals redefined.
Package hyperref Info: Bookmarks ON on input line 4688.
(/usr/share/texlive/texmf-dist/tex/latex/hyperref/backref.sty
Package: backref 2012/07/25 v1.38 Bibliographical back referencing

(/usr/share/texlive/texmf-dist/tex/latex/oberdiek/rerunfilecheck.sty
Package: rerunfilecheck 2011/04/15 v1.7 Rerun checks for auxiliary files (HO)
Package uniquecounter Info: New unique counter `rerunfilecheck' on input line 2
82.
))
\c@Hy@tempcnt=\count103

(/usr/share/texlive/texmf-dist/tex/latex/url/url.sty
\Urlmuskip=\muskip10
Package: url 2013/09/16  ver 3.4  Verb mode for urls, etc.
)
LaTeX Info: Redefining \url on input line 5041.
\XeTeXLinkMargin=\dimen122
\Fld@menulength=\count104
\Field@Width=\dimen123
\Fld@charsize=\dimen124
Package hyperref Info: Hyper figures OFF on input line 6295.
Package hyperref Info: Link nesting OFF on input line 6300.
Package hyperref Info: Hyper index ON on input line 6303.
Package hyperref Info: backreferencing ON on input line 6308.
Package hyperref Info: Link coloring ON on input line 6313.
Package hyperref Info: Link coloring with OCG OFF on input line 6320.
Package hyperref Info: PDF/A mode OFF on input line 6325.
LaTeX Info: Redefining \ref on input line 6365.
LaTeX Info: Redefining \pageref on input line 6369.
\Hy@abspage=\count105
\c@Item=\count106
\c@Hfootnote=\count107
)

Package hyperref Message: Driver (autodetected): hpdftex.

(/usr/share/texlive/texmf-dist/tex/latex/hyperref/hpdftex.def
File: hpdftex.def 2012/11/06 v6.83m Hyperref driver for pdfTeX
\Fld@listcount=\count108
\c@bookmark@seq@number=\count109
\Hy@SectionHShift=\skip62
)
(/usr/share/texlive/texmf-dist/tex/latex/ae/ae.sty
Package: ae 2001/02/12 1.3 Almost European Computer Modern

(/usr/share/texlive/texmf-dist/tex/latex/base/fontenc.sty
Package: fontenc 2005/09/27 v1.99g Standard LaTeX package

(/usr/share/texlive/texmf-dist/tex/latex/base/t1enc.def
File: t1enc.def 2005/09/27 v1.99g Standard LaTeX file
LaTeX Font Info:    Redeclaring font encoding T1 on input line 48.
)
LaTeX Font Info:    Try loading font information for T1+aer on input line 105.

(/usr/share/texlive/texmf-dist/tex/latex/ae/t1aer.fd
File: t1aer.fd 1997/11/16 Font definitions for T1/aer.
)))
(/usr/share/texlive/texmf-dist/tex/latex/graphics/graphicx.sty
Package: graphicx 2014/10/28 v1.0g Enhanced LaTeX Graphics (DPC,SPQR)

(/usr/share/texlive/texmf-dist/tex/latex/graphics/graphics.sty
Package: graphics 2016/01/03 v1.0q Standard LaTeX Graphics (DPC,SPQR)

(/usr/share/texlive/texmf-dist/tex/latex/graphics/trig.sty
Package: trig 2016/01/03 v1.10 sin cos tan (DPC)
)
(/usr/share/texlive/texmf-dist/tex/latex/latexconfig/graphics.cfg
File: graphics.cfg 2010/04/23 v1.9 graphics configuration of TeX Live
)
Package graphics Info: Driver file: pdftex.def on input line 95.
)
\Gin@req@height=\dimen125
\Gin@req@width=\dimen126
)
(/usr/share/texlive/texmf-dist/tex/latex/geometry/geometry.sty
Package: geometry 2010/09/12 v5.6 Page Geometry
\Gm@cnth=\count110
\Gm@cntv=\count111
\c@Gm@tempcnt=\count112
\Gm@bindingoffset=\dimen127
\Gm@wd@mp=\dimen128
\Gm@odd@mp=\dimen129
\Gm@even@mp=\dimen130
\Gm@layoutwidth=\dimen131
\Gm@layoutheight=\dimen132
\Gm@layouthoffset=\dimen133
\Gm@layoutvoffset=\dimen134
\Gm@dimlist=\toks21
) (./abntcite.sty (./cvs-id.def)
Package: abntcite 2003/10/13 v1.26 Chamadas de referencias no texto (NBR10520)
 (./abntex-abrev.sty (./cvs-id.def)
Package: abntex-abrev 2003/10/13 v1.3 Abreviacoes
 (./nbr10522-1988.def
(./cvs-id.def)
File: nbr10522-1988.def 2003/10/13 v1.2 Abreviacoes bibliograficas (NBR10522:19
88)
) (./abntex-abrev-pt_BR.def (./cvs-id.def)
File: abntex-abrev-pt_BR.def 2003/10/13 v1.2 definicao de abntex-abrev, traduca
o de termos en_US/pt_BR
)) (./nbr10520-2002.def (./cvs-id.def)
File: nbr10520-2002.def 2003/10/13 v1.2 Definicoes para abntcite (NBR10520:2002
)
)
\minimumbiblabelwidth=\skip63
\ABCIauxlen=\skip64
\c@ABCIaux=\count113
\c@ABCImax=\count114
 (/usr/share/texlive/texmf-dist/tex/latex/relsize/relsize.sty
Package: relsize 2013/03/29 ver 4.1
)
\biblabelsep=\skip65
LaTeX Info: Redefining \newblock on input line 562.
LaTeX Info: Redefining \cite on input line 589.
\ABCItoken=\toks22
)
\c@mecounter=\count115
\c@kwcipcounter=\count116
\nohyphen=\language82
) (/usr/share/texlive/texmf-dist/tex/latex/graphics/epsfig.sty
Package: epsfig 1999/02/16 v1.7a (e)psfig emulation (SPQR)
\epsfxsize=\dimen135
\epsfysize=\dimen136
)
(/usr/share/texlive/texmf-dist/tex/latex/amsmath/amsmath.sty
Package: amsmath 2016/03/03 v2.15a AMS math features
\@mathmargin=\skip66

For additional information on amsmath, use the `?' option.
(/usr/share/texlive/texmf-dist/tex/latex/amsmath/amstext.sty
Package: amstext 2000/06/29 v2.01 AMS text

(/usr/share/texlive/texmf-dist/tex/latex/amsmath/amsgen.sty
File: amsgen.sty 1999/11/30 v2.0 generic functions
\@emptytoks=\toks23
\ex@=\dimen137
))
(/usr/share/texlive/texmf-dist/tex/latex/amsmath/amsbsy.sty
Package: amsbsy 1999/11/29 v1.2d Bold Symbols
\pmbraise@=\dimen138
)
(/usr/share/texlive/texmf-dist/tex/latex/amsmath/amsopn.sty
Package: amsopn 1999/12/14 v2.01 operator names
)
\inf@bad=\count117
LaTeX Info: Redefining \frac on input line 199.
\uproot@=\count118
\leftroot@=\count119
LaTeX Info: Redefining \overline on input line 297.
\classnum@=\count120
\DOTSCASE@=\count121
LaTeX Info: Redefining \ldots on input line 394.
LaTeX Info: Redefining \dots on input line 397.
LaTeX Info: Redefining \cdots on input line 518.
\Mathstrutbox@=\box30
\strutbox@=\box31
\big@size=\dimen139
LaTeX Font Info:    Redeclaring font encoding OML on input line 630.
LaTeX Font Info:    Redeclaring font encoding OMS on input line 631.
\macc@depth=\count122
\c@MaxMatrixCols=\count123
\dotsspace@=\muskip11
\c@parentequation=\count124
\dspbrk@lvl=\count125
\tag@help=\toks24
\row@=\count126
\column@=\count127
\maxfields@=\count128
\andhelp@=\toks25
\eqnshift@=\dimen140
\alignsep@=\dimen141
\tagshift@=\dimen142
\tagwidth@=\dimen143
\totwidth@=\dimen144
\lineht@=\dimen145
\@envbody=\toks26
\multlinegap=\skip67
\multlinetaggap=\skip68
\mathdisplay@stack=\toks27
LaTeX Info: Redefining \[ on input line 2735.
LaTeX Info: Redefining \] on input line 2736.
)
(/usr/share/texlive/texmf-dist/tex/latex/amsfonts/amssymb.sty
Package: amssymb 2013/01/14 v3.01 AMS font symbols
)
(/usr/share/texlive/texmf-dist/tex/latex/multirow/multirow.sty
\bigstrutjot=\dimen146
)
(/usr/share/texlive/texmf-dist/tex/latex/float/float.sty
Package: float 2001/11/08 v1.3d Float enhancements (AL)
\c@float@type=\count129
\float@exts=\toks28
\float@box=\box32
\@float@everytoks=\toks29
\@floatcapt=\box33
)
(/usr/share/texlive/texmf-dist/tex/latex/caption/subcaption.sty
Package: subcaption 2016/02/20 v1.1-142 Sub-captions (AR)
\c@subfigure=\count130
\c@subtable=\count131
)
(/usr/share/texlive/texmf-dist/tex/latex/algorithm2e/algorithm2e.sty
Package: algorithm2e 2013/01/06 v5.00 algorithms environments
\c@AlgoLine=\count132
\algocf@hangindent=\skip69

(/usr/share/texlive/texmf-dist/tex/latex/tools/xspace.sty
Package: xspace 2014/10/28 v1.13 Space after command names (DPC,MH)
)
********************************************************
Package `algorithm2e' Release 5.1 -- october 19 2015 --
- algorithm2e-announce@lirmm.fr mailing list for announcement about releases
- algorithm2e-discussion@lirmm.fr mailing list for discussion about package
subscribe by emailing sympa@lirmm.fr with 'subscribe <list> <firstname name>'
- Author: Christophe Fiorio (christophe.fiorio@umontpellier.fr)
********************************************************
\skiptotal=\skip70
\skiplinenumber=\skip71
\skiprule=\skip72
\skiphlne=\skip73
\skiptext=\skip74
\skiplength=\skip75
\algomargin=\skip76
\skipalgocfslide=\skip77
\algowidth=\dimen147
\inoutsize=\dimen148
\inoutindent=\dimen149
\interspacetitleruled=\dimen150
\interspacealgoruled=\dimen151
\interspacetitleboxruled=\dimen152
\algocf@ruledwidth=\skip78
\algocf@inoutbox=\box34
\algocf@inputbox=\box35
\AlCapSkip=\skip79
\AlCapHSkip=\skip80
\algoskipindent=\skip81
\algocf@nlbox=\box36
\algocf@hangingbox=\box37
\algocf@untilbox=\box38
\algocf@skipuntil=\skip82
\algocf@capbox=\box39
\algoheightruledefault=\skip83
\algoheightrule=\skip84
\algotitleheightruledefault=\skip85
\algotitleheightrule=\skip86
\c@algocfline=\count133
\c@algocfproc=\count134
\c@algocf=\count135
\algocf@algoframe=\box40
\algocf@algobox=\box41
) (/usr/share/texlive/texmf-dist/tex/latex/base/textcomp.sty
Package: textcomp 2005/09/27 v1.99g Standard LaTeX package
Package textcomp Info: Sub-encoding information:
(textcomp)               5 = only ISO-Adobe without \textcurrency
(textcomp)               4 = 5 + \texteuro
(textcomp)               3 = 4 + \textohm
(textcomp)               2 = 3 + \textestimated + \textcurrency
(textcomp)               1 = TS1 - \textcircled - \t
(textcomp)               0 = TS1 (full)
(textcomp)             Font families with sub-encoding setting implement
(textcomp)             only a restricted character set as indicated.
(textcomp)             Family '?' is the default used for unknown fonts.
(textcomp)             See the documentation for details.
Package textcomp Info: Setting ? sub-encoding to TS1/1 on input line 79.

(/usr/share/texlive/texmf-dist/tex/latex/base/ts1enc.def
File: ts1enc.def 2001/06/05 v3.0e (jk/car/fm) Standard LaTeX file
)
LaTeX Info: Redefining \oldstylenums on input line 334.
Package textcomp Info: Setting cmr sub-encoding to TS1/0 on input line 349.
Package textcomp Info: Setting cmss sub-encoding to TS1/0 on input line 350.
Package textcomp Info: Setting cmtt sub-encoding to TS1/0 on input line 351.
Package textcomp Info: Setting cmvtt sub-encoding to TS1/0 on input line 352.
Package textcomp Info: Setting cmbr sub-encoding to TS1/0 on input line 353.
Package textcomp Info: Setting cmtl sub-encoding to TS1/0 on input line 354.
Package textcomp Info: Setting ccr sub-encoding to TS1/0 on input line 355.
Package textcomp Info: Setting ptm sub-encoding to TS1/4 on input line 356.
Package textcomp Info: Setting pcr sub-encoding to TS1/4 on input line 357.
Package textcomp Info: Setting phv sub-encoding to TS1/4 on input line 358.
Package textcomp Info: Setting ppl sub-encoding to TS1/3 on input line 359.
Package textcomp Info: Setting pag sub-encoding to TS1/4 on input line 360.
Package textcomp Info: Setting pbk sub-encoding to TS1/4 on input line 361.
Package textcomp Info: Setting pnc sub-encoding to TS1/4 on input line 362.
Package textcomp Info: Setting pzc sub-encoding to TS1/4 on input line 363.
Package textcomp Info: Setting bch sub-encoding to TS1/4 on input line 364.
Package textcomp Info: Setting put sub-encoding to TS1/5 on input line 365.
Package textcomp Info: Setting uag sub-encoding to TS1/5 on input line 366.
Package textcomp Info: Setting ugq sub-encoding to TS1/5 on input line 367.
Package textcomp Info: Setting ul8 sub-encoding to TS1/4 on input line 368.
Package textcomp Info: Setting ul9 sub-encoding to TS1/4 on input line 369.
Package textcomp Info: Setting augie sub-encoding to TS1/5 on input line 370.
Package textcomp Info: Setting dayrom sub-encoding to TS1/3 on input line 371.
Package textcomp Info: Setting dayroms sub-encoding to TS1/3 on input line 372.

Package textcomp Info: Setting pxr sub-encoding to TS1/0 on input line 373.
Package textcomp Info: Setting pxss sub-encoding to TS1/0 on input line 374.
Package textcomp Info: Setting pxtt sub-encoding to TS1/0 on input line 375.
Package textcomp Info: Setting txr sub-encoding to TS1/0 on input line 376.
Package textcomp Info: Setting txss sub-encoding to TS1/0 on input line 377.
Package textcomp Info: Setting txtt sub-encoding to TS1/0 on input line 378.
Package textcomp Info: Setting lmr sub-encoding to TS1/0 on input line 379.
Package textcomp Info: Setting lmdh sub-encoding to TS1/0 on input line 380.
Package textcomp Info: Setting lmss sub-encoding to TS1/0 on input line 381.
Package textcomp Info: Setting lmssq sub-encoding to TS1/0 on input line 382.
Package textcomp Info: Setting lmvtt sub-encoding to TS1/0 on input line 383.
Package textcomp Info: Setting lmtt sub-encoding to TS1/0 on input line 384.
Package textcomp Info: Setting qhv sub-encoding to TS1/0 on input line 385.
Package textcomp Info: Setting qag sub-encoding to TS1/0 on input line 386.
Package textcomp Info: Setting qbk sub-encoding to TS1/0 on input line 387.
Package textcomp Info: Setting qcr sub-encoding to TS1/0 on input line 388.
Package textcomp Info: Setting qcs sub-encoding to TS1/0 on input line 389.
Package textcomp Info: Setting qpl sub-encoding to TS1/0 on input line 390.
Package textcomp Info: Setting qtm sub-encoding to TS1/0 on input line 391.
Package textcomp Info: Setting qzc sub-encoding to TS1/0 on input line 392.
Package textcomp Info: Setting qhvc sub-encoding to TS1/0 on input line 393.
Package textcomp Info: Setting futs sub-encoding to TS1/4 on input line 394.
Package textcomp Info: Setting futx sub-encoding to TS1/4 on input line 395.
Package textcomp Info: Setting futj sub-encoding to TS1/4 on input line 396.
Package textcomp Info: Setting hlh sub-encoding to TS1/3 on input line 397.
Package textcomp Info: Setting hls sub-encoding to TS1/3 on input line 398.
Package textcomp Info: Setting hlst sub-encoding to TS1/3 on input line 399.
Package textcomp Info: Setting hlct sub-encoding to TS1/5 on input line 400.
Package textcomp Info: Setting hlx sub-encoding to TS1/5 on input line 401.
Package textcomp Info: Setting hlce sub-encoding to TS1/5 on input line 402.
Package textcomp Info: Setting hlcn sub-encoding to TS1/5 on input line 403.
Package textcomp Info: Setting hlcw sub-encoding to TS1/5 on input line 404.
Package textcomp Info: Setting hlcf sub-encoding to TS1/5 on input line 405.
Package textcomp Info: Setting pplx sub-encoding to TS1/3 on input line 406.
Package textcomp Info: Setting pplj sub-encoding to TS1/3 on input line 407.
Package textcomp Info: Setting ptmx sub-encoding to TS1/4 on input line 408.
Package textcomp Info: Setting ptmj sub-encoding to TS1/4 on input line 409.
)
\@glossaryfile=\write3
\openout3 = `tese_spy.glo'.


Writing glossary file tese_spy.glo 
(./tese_spy.aux)
\openout1 = `tese_spy.aux'.

LaTeX Font Info:    Checking defaults for OML/cmm/m/it on input line 122.
LaTeX Font Info:    ... okay on input line 122.
LaTeX Font Info:    Checking defaults for T1/cmr/m/n on input line 122.
LaTeX Font Info:    ... okay on input line 122.
LaTeX Font Info:    Checking defaults for OT1/cmr/m/n on input line 122.
LaTeX Font Info:    ... okay on input line 122.
LaTeX Font Info:    Checking defaults for OMS/cmsy/m/n on input line 122.
LaTeX Font Info:    ... okay on input line 122.
LaTeX Font Info:    Checking defaults for OMX/cmex/m/n on input line 122.
LaTeX Font Info:    ... okay on input line 122.
LaTeX Font Info:    Checking defaults for U/cmr/m/n on input line 122.
LaTeX Font Info:    ... okay on input line 122.
LaTeX Font Info:    Checking defaults for PD1/pdf/m/n on input line 122.
LaTeX Font Info:    ... okay on input line 122.
LaTeX Font Info:    Checking defaults for TS1/cmr/m/n on input line 122.
LaTeX Font Info:    Try loading font information for TS1+cmr on input line 122.

 (/usr/share/texlive/texmf-dist/tex/latex/base/ts1cmr.fd
File: ts1cmr.fd 2014/09/29 v2.5h Standard LaTeX font definitions
)
LaTeX Font Info:    ... okay on input line 122.
Package lastpage Info: Please have a look at the pageslts package at
(lastpage)             https://www.ctan.org/pkg/pageslts
(lastpage)             ! on input line 122.
Package caption Info: Begin \AtBeginDocument code.
Package caption Info: float package is loaded.
Package caption Info: hyperref package is loaded.
Package caption Info: longtable package is loaded.

(/usr/share/texlive/texmf-dist/tex/latex/caption/ltcaption.sty
Package: ltcaption 2013/06/09 v1.4-94 longtable captions (AR)
)
Package caption Info: End \AtBeginDocument code.

(/usr/share/texlive/texmf-dist/tex/context/base/supp-pdf.mkii
[Loading MPS to PDF converter (version 2006.09.02).]
\scratchcounter=\count136
\scratchdimen=\dimen153
\scratchbox=\box42
\nofMPsegments=\count137
\nofMParguments=\count138
\everyMPshowfont=\toks30
\MPscratchCnt=\count139
\MPscratchDim=\dimen154
\MPnumerator=\count140
\makeMPintoPDFobject=\count141
\everyMPtoPDFconversion=\toks31
)
\AtBeginShipoutBox=\box43
Package hyperref Info: Link coloring ON on input line 122.
 (/usr/share/texlive/texmf-dist/tex/latex/hyperref/nameref.sty
Package: nameref 2012/10/27 v2.43 Cross-referencing by name of section

(/usr/share/texlive/texmf-dist/tex/generic/oberdiek/gettitlestring.sty
Package: gettitlestring 2010/12/03 v1.4 Cleanup title references (HO)
)
\c@section@level=\count142
)
LaTeX Info: Redefining \ref on input line 122.
LaTeX Info: Redefining \pageref on input line 122.
LaTeX Info: Redefining \nameref on input line 122.

(./tese_spy.out) (./tese_spy.out)
\@outlinefile=\write4
\openout4 = `tese_spy.out'.

Package hyperref Info: Anchor `Doc-Start' on input line 122.

(/usr/share/texlive/texmf-dist/tex/latex/oberdiek/epstopdf-base.sty
Package: epstopdf-base 2010/02/09 v2.5 Base part for package epstopdf

(/usr/share/texlive/texmf-dist/tex/latex/oberdiek/grfext.sty
Package: grfext 2010/08/19 v1.1 Manage graphics extensions (HO)
)
Package grfext Info: Graphics extension search list:
(grfext)             [.png,.pdf,.jpg,.mps,.jpeg,.jbig2,.jb2,.PNG,.PDF,.JPG,.JPE
G,.JBIG2,.JB2,.eps]
(grfext)             \AppendGraphicsExtensions on input line 452.

(/usr/share/texlive/texmf-dist/tex/latex/latexconfig/epstopdf-sys.cfg
File: epstopdf-sys.cfg 2010/07/13 v1.3 Configuration of (r)epstopdf for TeX Liv
e
))
*geometry* detected driver: pdftex
*geometry* verbose mode - [ preamble ] result:
* driver: pdftex
* paper: a4paper
* layout: <same size as paper>
* layoutoffset:(h,v)=(0.0pt,0.0pt)
* modes: 
* h-part:(L,W,R)=(85.35826pt, 455.24411pt, 56.9055pt)
* v-part:(T,H,B)=(85.35826pt, 702.78308pt, 56.9055pt)
* \paperwidth=597.50787pt
* \paperheight=845.04684pt
* \textwidth=455.24411pt
* \textheight=702.78308pt
* \oddsidemargin=13.08827pt
* \evensidemargin=13.08827pt
* \topmargin=-17.07156pt
* \headheight=15.93347pt
* \headsep=14.22636pt
* \topskip=12.0pt
* \footskip=35.24373pt
* \marginparwidth=38.0pt
* \marginparsep=7.0pt
* \columnsep=10.0pt
* \skip\footins=10.8pt plus 4.0pt minus 2.0pt
* \hoffset=0.0pt
* \voffset=0.0pt
* \mag=1000
* \@twocolumnfalse
* \@twosidefalse
* \@mparswitchfalse
* \@reversemarginfalse
* (1in=72.27pt=25.4mm, 1cm=28.453pt)

\c@butlastpage=\count143
Package hyperref Info: Anchor `cover.0' on input line 124.
<Cap0/ita_logo.jpg, id=156, 612.3678pt x 234.8775pt>
File: Cap0/ita_logo.jpg Graphic file (type jpg)
 <use Cap0/ita_logo.jpg>
Package pdftex.def Info: Cap0/ita_logo.jpg used on input line 124.
(pdftex.def)             Requested size: 227.62206pt x 87.3047pt.
LaTeX Font Info:    Try loading font information for U+msa on input line 124.

(/usr/share/texlive/texmf-dist/tex/latex/amsfonts/umsa.fd
File: umsa.fd 2013/01/14 v3.01 AMS symbols A
)
LaTeX Font Info:    Try loading font information for U+msb on input line 124.

(/usr/share/texlive/texmf-dist/tex/latex/amsfonts/umsb.fd
File: umsb.fd 2013/01/14 v3.01 AMS symbols B
)
Overfull \hbox (5.57451pt too wide) in paragraph at lines 124--124
[] []
 []


Underfull \hbox (badness 10000) in paragraph at lines 124--124

 []

Package hyperref Info: Anchor `titulo.0' on input line 124.
Package hyperref Info: Anchor `page.i' on input line 124.
[1



{/var/lib/texmf/fonts/map/pdftex/updmap/pdftex.map} <./Cap0/ita_logo.jpg>]
Package hyperref Info: Anchor `page.ii' on input line 124.

[2]
Package hyperref Info: Anchor `cip.0' on input line 124.

Underfull \hbox (badness 10000) in paragraph at lines 124--124

 []

Package hyperref Info: Anchor `page.iii' on input line 124.
[3]
Package hyperref Info: Anchor `aprovacao.0' on input line 124.
Package hyperref Info: Anchor `page.iv' on input line 124.
 [4]
Package hyperref Info: Anchor `dedication.0' on input line 127.
Package hyperref Info: Anchor `page.iv' on input line 129.
pdfTeX warning (ext4): destination with the same identifier (name{page.iv}) has
 been already used, duplicate ignored
<to be read again> 
                   \relax 
l.129 \end{itadedication}
                          [4]
Package hyperref Info: Anchor `chapter*.1' on input line 133.
Package hyperref Info: Anchor `acknowledgment.0' on input line 133.
 (./Cap0/Acknowledgements.tex)
Package hyperref Info: Anchor `page.v' on input line 134.
 [5

]
Package hyperref Info: Anchor `chapter*.2' on input line 150.
Package hyperref Info: Anchor `resumo.0' on input line 150.

(./Cap0/resumo.tex)
Package hyperref Info: Anchor `page.vi' on input line 156.
 [6

]
Package hyperref Info: Anchor `chapter*.3' on input line 156.
Package hyperref Info: Anchor `abstract.0' on input line 156.
 (./Cap0/abstract.tex)
Package hyperref Info: Anchor `page.vii' on input line 162.
 [7

]
Package hyperref Info: Anchor `chapter*.4' on input line 162.
Package hyperref Info: Anchor `listafiguras.0' on input line 162.
 (./tese_spy.lof
Package hyperref Info: Reference (link) `figure.caption.8' on input line 3.
Package hyperref Info: Reference (link) `figure.caption.9' on input line 4.
Package hyperref Info: Reference (link) `figure.caption.10' on input line 5.
Package hyperref Info: Reference (link) `figure.caption.11' on input line 7.
Package hyperref Info: Reference (link) `figure.caption.12' on input line 8.
Package hyperref Info: Reference (link) `figure.caption.13' on input line 10.
)
\tf@lof=\write5
\openout5 = `tese_spy.lof'.

Package hyperref Info: Anchor `page.viii' on input line 168.
 [8

Package `hyperref' Info: End of reference (link) `figure.caption.8', line 3.
Package `hyperref' Info: End of reference (link) `figure.caption.9', line 4.
Package `hyperref' Info: End of reference (link) `figure.caption.10', line 5.
Package `hyperref' Info: End of reference (link) `figure.caption.11', line 7.
Package `hyperref' Info: End of reference (link) `figure.caption.12', line 8.
Package `hyperref' Info: End of reference (link) `figure.caption.13', line 10.
]
Package hyperref Info: Anchor `chapter*.5' on input line 168.
Package hyperref Info: Anchor `listaabreviaturas.0' on input line 168.

(./tese_spy.lof)
\tf@lof=\write6
\openout6 = `tese_spy.lof'.

 (./Cap0/listaabreviaturas.tex
Package hyperref Info: Anchor `table.0.1' on input line 22.
)
Package hyperref Info: Anchor `page.ix' on input line 172.
 [9

]
Package hyperref Info: Anchor `chapter*.6' on input line 172.
Package hyperref Info: Anchor `listasimbolos.0' on input line 172.
 (./tese_spy.lof)
\tf@lof=\write7
\openout7 = `tese_spy.lof'.


(./Cap0/listasimbolos.tex
Package hyperref Info: Anchor `table.0.2' on input line 28.
Package hyperref Info: Anchor `page.x' on input line 49.
 [10

])
Package hyperref Info: Anchor `page.xi' on input line 176.
 [11]
Package hyperref Info: Anchor `chapter*.7' on input line 176.
Package hyperref Info: Anchor `contents.0' on input line 176.
 (./tese_spy.toc
Underfull \hbox (badness 10000) in paragraph at lines 2--2
 []  
 []

Package hyperref Info: Reference (link) `chapter.1' on input line 2.
Package hyperref Info: Reference (link) `section.1.1' on input line 3.
Package hyperref Info: Reference (link) `section.1.2' on input line 4.
Package hyperref Info: Reference (link) `section.1.3' on input line 5.
Package hyperref Info: Reference (link) `section.1.4' on input line 6.
Package hyperref Info: Reference (link) `section.1.5' on input line 7.
Package hyperref Info: Reference (link) `section.1.6' on input line 8.

Underfull \hbox (badness 10000) in paragraph at lines 9--9
 []  
 []

Package hyperref Info: Reference (link) `chapter.2' on input line 9.
Package hyperref Info: Reference (link) `section.2.1' on input line 10.
Package hyperref Info: Reference (link) `section.2.2' on input line 11.
Package hyperref Info: Reference (link) `subsection.2.2.1' on input line 12.
Package hyperref Info: Reference (link) `section.2.3' on input line 15.
Package hyperref Info: Reference (link) `subsection.2.3.1' on input line 16.
Package hyperref Info: Reference (link) `subsection.2.3.2' on input line 17.
Package hyperref Info: Reference (link) `subsection.2.3.3' on input line 21.
Package hyperref Info: Reference (link) `subsection.2.3.4' on input line 22.

Underfull \hbox (badness 10000) in paragraph at lines 23--23
 []  
 []

Package hyperref Info: Reference (link) `chapter.3' on input line 23.
Package hyperref Info: Reference (link) `section.3.1' on input line 24.
Package hyperref Info: Reference (link) `subsection.3.1.1' on input line 25.
Package hyperref Info: Reference (link) `subsection.3.1.2' on input line 26.
Package hyperref Info: Reference (link) `subsection.3.1.3' on input line 27.
Package hyperref Info: Reference (link) `subsection.3.1.4' on input line 28.
Package hyperref Info: Reference (link) `section.3.2' on input line 29.
Package hyperref Info: Anchor `page.xii' on input line 30.
[12

Package `hyperref' Info: End of reference (link) `chapter.1', line 2.
Package `hyperref' Info: End of reference (link) `section.1.1', line 3.
Package `hyperref' Info: End of reference (link) `section.1.2', line 4.
Package `hyperref' Info: End of reference (link) `section.1.3', line 5.
Package `hyperref' Info: End of reference (link) `section.1.4', line 6.
Package `hyperref' Info: End of reference (link) `section.1.5', line 7.
Package `hyperref' Info: End of reference (link) `section.1.6', line 8.
Package `hyperref' Info: End of reference (link) `chapter.2', line 9.
Package `hyperref' Info: End of reference (link) `section.2.1', line 10.
Package `hyperref' Info: End of reference (link) `section.2.2', line 11.
Package `hyperref' Info: End of reference (link) `subsection.2.2.1', line 12.
Package `hyperref' Info: End of reference (link) `section.2.3', line 15.
Package `hyperref' Info: End of reference (link) `subsection.2.3.1', line 16.
Package `hyperref' Info: End of reference (link) `subsection.2.3.2', line 17.
Package `hyperref' Info: End of reference (link) `subsection.2.3.3', line 21.
Package `hyperref' Info: End of reference (link) `subsection.2.3.4', line 22.
Package `hyperref' Info: End of reference (link) `chapter.3', line 23.
Package `hyperref' Info: End of reference (link) `section.3.1', line 24.
Package `hyperref' Info: End of reference (link) `subsection.3.1.1', line 25.
Package `hyperref' Info: End of reference (link) `subsection.3.1.2', line 26.
Package `hyperref' Info: End of reference (link) `subsection.3.1.3', line 27.
Package `hyperref' Info: End of reference (link) `subsection.3.1.4', line 28.
]
Package hyperref Info: Reference (link) `section.3.3' on input line 30.

Underfull \hbox (badness 10000) in paragraph at lines 31--31
 []  
 []

Package hyperref Info: Reference (link) `chapter.4' on input line 31.
)
\tf@toc=\write8
\openout8 = `tese_spy.toc'.

Package hyperref Info: Anchor `page.xiii' on input line 178.
 [13
Package `hyperref' Info: End of reference (link) `section.3.2', line 29.
Package `hyperref' Info: End of reference (link) `section.3.3', line 30.
Package `hyperref' Info: End of reference (link) `chapter.4', line 31.
]
Package hyperref Info: Anchor `chapter.1' on input line 181.

Chapter 1.
pdftex: bookmark at 181: {1} {\numberline{1}Introduction} {chapter.1}{0}{toc}
(./Chapter1/introduction.tex
Package hyperref Info: Anchor `section.1.1' on input line 1.

pdftex: bookmark at 1: {1.1} {\numberline{1.1}Motivation} {section.1.1}{1}{toc}

Package hyperref Info: Reference (cite) `cite.AIapplications' on input line 5.

Package hyperref Warning: Suppressing empty link on input line 5.

Package hyperref Info: Reference (cite) `cite.RLNature2015' on input line 9.
Package hyperref Info: Reference (cite) `cite.RLNature2015' on input line 9.
Package hyperref Info: Reference (cite) `cite.AlphaGoZero' on input line 11.
Package hyperref Info: Reference (cite) `cite.AlphaGoZero' on input line 11.
Package hyperref Info: Reference (link) `figure.caption.8' on input line 11.
Package hyperref Info: Anchor `figure.caption.8' on input line 13.
<Chapter1/DQN-atari.png, id=281, 1606.0pt x 1139.25626pt>
File: Chapter1/DQN-atari.png Graphic file (type png)

<use Chapter1/DQN-atari.png>
Package pdftex.def Info: Chapter1/DQN-atari.png used on input line 17.
(pdftex.def)             Requested size: 346.7536pt x 245.97836pt.

<Chapter1/alphago.png, id=282, 983.675pt x 491.8375pt>
File: Chapter1/alphago.png Graphic file (type png)

<use Chapter1/alphago.png>
Package pdftex.def Info: Chapter1/alphago.png used on input line 23.
(pdftex.def)             Requested size: 281.10077pt x 140.55446pt.

Overfull \hbox (76.24231pt too wide) in paragraph at lines 23--24
 [][] 
 []

<Chapter1/atari.jpg, id=283, 559.08875pt x 357.335pt>
File: Chapter1/atari.jpg Graphic file (type jpg)
 <use Chapter1/atari.jpg>
Package pdftex.def Info: Chapter1/atari.jpg used on input line 29.
(pdftex.def)             Requested size: 219.91202pt x 140.55446pt.

Overfull \hbox (15.05356pt too wide) in paragraph at lines 29--30
 [][] 
 []

pdftex: bookmark at 33: {1.1} {\numberline{1.1}{\ignorespaces DeepMind recent a
chievements.\relax }} {figure.caption.8}{0}{lof}
Package hyperref Info: Anchor `page.14' on input line 44.
[14


Package `hyperref' Info: End of reference (cite) `cite.AIapplications', line 5.

Package `hyperref' Info: End of reference (cite) `cite.RLNature2015', line 9.
Package `hyperref' Info: End of reference (cite) `cite.RLNature2015', line 9.
Package `hyperref' Info: End of reference (cite) `cite.AlphaGoZero', line 11.
Package `hyperref' Info: End of reference (cite) `cite.AlphaGoZero', line 11.
Package `hyperref' Info: End of reference (link) `figure.caption.8', line 11.
]
Package hyperref Info: Anchor `figure.caption.9' on input line 45.
 <Chapter1/humanoid-deepmind1.jpg, id=293, 642.4pt x 354.32375pt>
File: Chapter1/humanoid-deepmind1.jpg Graphic file (type jpg)

<use Chapter1/humanoid-deepmind1.jpg>
Package pdftex.def Info: Chapter1/humanoid-deepmind1.jpg used on input line 49.

(pdftex.def)             Requested size: 165.64775pt x 91.36522pt.

<Chapter1/humanoid-deepmind2.png, id=294, 650.43pt x 365.365pt>
File: Chapter1/humanoid-deepmind2.png Graphic file (type png)

<use Chapter1/humanoid-deepmind2.png>
Package pdftex.def Info: Chapter1/humanoid-deepmind2.png used on input line 54.

(pdftex.def)             Requested size: 162.64679pt x 91.36522pt.

<Chapter1/humanoid-deepmind3.png, id=296, 1495.5875pt x 733.74126pt>
File: Chapter1/humanoid-deepmind3.png Graphic file (type png)

<use Chapter1/humanoid-deepmind3.png>
Package pdftex.def Info: Chapter1/humanoid-deepmind3.png used on input line 59.

(pdftex.def)             Requested size: 186.21771pt x 91.36522pt.

pdftex: bookmark at 62: {1.2} {\numberline{1.2}{\ignorespaces Simulated humanoi
d agent movements and AI.\relax }} {figure.caption.9}{0}{lof}
Package hyperref Info: Anchor `page.15' on input line 70.
[15 <./Chapter1/DQN-atari.png (PNG copy)> <./Chapter1/alphago.png (PNG copy)> <
./Chapter1/atari.jpg>]
Package hyperref Info: Anchor `figure.caption.10' on input line 72.
 <Chapter1/RoboCup.png, id=301, 158.58102pt x 91.0602pt>
File: Chapter1/RoboCup.png Graphic file (type png)

<use Chapter1/RoboCup.png>
Package pdftex.def Info: Chapter1/RoboCup.png used on input line 76.
(pdftex.def)             Requested size: 159.12022pt x 91.36522pt.

<Chapter1/SS3D.png, id=302, 564.60938pt x 248.42813pt>
File: Chapter1/SS3D.png Graphic file (type png)
 <use Chapter1/SS3D.png>
Package pdftex.def Info: Chapter1/SS3D.png used on input line 81.
(pdftex.def)             Requested size: 207.64436pt x 91.36522pt.

Overfull \hbox (2.7859pt too wide) in paragraph at lines 81--82
 [][] 
 []

pdftex: bookmark at 84: {1.3} {\numberline{1.3}{\ignorespaces Robocup symbol an
d Soccer 3D Simulation league match.\relax }} {figure.caption.10}{0}{lof}
Package hyperref Info: Anchor `section.1.2' on input line 88.
pdftex: bookmark at 88: {1.2} {\numberline{1.2}Problem Statement} {section.1.2}
{1}{toc}
Package hyperref Info: Anchor `page.16' on input line 91.
[16 <./Chapter1/humanoid-deepmind1.jpg> <./Chapter1/humanoid-deepmind2.png> <./
Chapter1/humanoid-deepmind3.png> <./Chapter1/RoboCup.png> <./Chapter1/SS3D.png>
]
Package hyperref Info: Anchor `section.1.3' on input line 92.

pdftex: bookmark at 92: {1.3} {\numberline{1.3}Approach} {section.1.3}{1}{toc}
Package hyperref Info: Reference (cite) `cite.deepmimic' on input line 95.
Package hyperref Info: Reference (cite) `cite.deepmimic' on input line 95.

Overfull \hbox (3.87712pt too wide) in paragraph at lines 94--97
[]\T1/aer/m/n/12 Instead of em-ploy-ing a de-ter-min-is-tic and off-line built 
sin-gle move-ment, called Keyframe
 []

Package hyperref Info: Anchor `section.1.4' on input line 98.
pdftex: bookmark at 98: {1.4} {\numberline{1.4}Literature Review} {section.1.4}
{1}{toc}
Package hyperref Info: Reference (cite) `cite.TDLearning' on input line 100.
Package hyperref Info: Reference (cite) `cite.TDLearning' on input line 100.
Package hyperref Info: Reference (cite) `cite.QLearning' on input line 100.
Package hyperref Info: Reference (cite) `cite.QLearning' on input line 100.
Package hyperref Info: Reference (cite) `cite.REINFORCE' on input line 102.
Package hyperref Info: Reference (cite) `cite.REINFORCE' on input line 102.
Package hyperref Info: Reference (cite) `cite.DDPG' on input line 102.
Package hyperref Info: Reference (cite) `cite.DDPG' on input line 102.
Package hyperref Info: Reference (cite) `cite.TRPO' on input line 102.
Package hyperref Info: Reference (cite) `cite.TRPO' on input line 102.
Package hyperref Info: Reference (cite) `cite.PPO' on input line 102.
Package hyperref Info: Reference (cite) `cite.PPO' on input line 102.
Package hyperref Info: Reference (cite) `cite.RLNature2015' on input line 104.
Package hyperref Info: Reference (cite) `cite.RLNature2015' on input line 104.
Package hyperref Info: Reference (cite) `cite.ReplayBuffer' on input line 104.
Package hyperref Info: Reference (cite) `cite.ReplayBuffer' on input line 104.
Package hyperref Info: Reference (cite) `cite.RLNature2015' on input line 104.
Package hyperref Info: Reference (cite) `cite.RLNature2015' on input line 104.
Package hyperref Info: Anchor `page.17' on input line 105.
[17
Package `hyperref' Info: End of reference (cite) `cite.deepmimic', line 95.
Package `hyperref' Info: End of reference (cite) `cite.deepmimic', line 95.
Package `hyperref' Info: End of reference (cite) `cite.TDLearning', line 100.
Package `hyperref' Info: End of reference (cite) `cite.TDLearning', line 100.
Package `hyperref' Info: End of reference (cite) `cite.QLearning', line 100.
Package `hyperref' Info: End of reference (cite) `cite.QLearning', line 100.
Package `hyperref' Info: End of reference (cite) `cite.REINFORCE', line 102.
Package `hyperref' Info: End of reference (cite) `cite.REINFORCE', line 102.
Package `hyperref' Info: End of reference (cite) `cite.DDPG', line 102.
Package `hyperref' Info: End of reference (cite) `cite.DDPG', line 102.
Package `hyperref' Info: End of reference (cite) `cite.TRPO', line 102.
Package `hyperref' Info: End of reference (cite) `cite.TRPO', line 102.
Package `hyperref' Info: End of reference (cite) `cite.PPO', line 102.
Package `hyperref' Info: End of reference (cite) `cite.PPO', line 102.
Package `hyperref' Info: End of reference (cite) `cite.RLNature2015', line 104.

Package `hyperref' Info: End of reference (cite) `cite.RLNature2015', line 104.

]
Package hyperref Info: Reference (cite) `cite.deepmind1' on input line 106.
Package hyperref Info: Reference (cite) `cite.deepmind1' on input line 106.
Package hyperref Info: Reference (cite) `cite.BengioCurrLearning' on input line
 106.
Package hyperref Info: Reference (cite) `cite.BengioCurrLearning' on input line
 106.
Package hyperref Info: Reference (cite) `cite.deepmind2' on input line 108.
Package hyperref Info: Reference (cite) `cite.deepmind2' on input line 108.
Package hyperref Info: Reference (cite) `cite.deepmind3' on input line 108.
Package hyperref Info: Reference (cite) `cite.deepmind3' on input line 108.
Package hyperref Info: Reference (cite) `cite.gail' on input line 108.
Package hyperref Info: Reference (cite) `cite.gail' on input line 108.
Package hyperref Info: Reference (cite) `cite.deepmimic' on input line 110.
Package hyperref Info: Reference (cite) `cite.deepmimic' on input line 110.
Package hyperref Info: Reference (cite) `cite.abbas' on input line 112.
Package hyperref Info: Reference (cite) `cite.abbas' on input line 112.
Package hyperref Info: Reference (cite) `cite.abbas' on input line 114.
Package hyperref Info: Reference (cite) `cite.abbas' on input line 114.
Package hyperref Info: Reference (cite) `cite.deepmimic' on input line 114.
Package hyperref Info: Reference (cite) `cite.deepmimic' on input line 114.
Package hyperref Info: Anchor `page.18' on input line 117.
 [18
Package `hyperref' Info: End of reference (cite) `cite.ReplayBuffer', line 104.

Package `hyperref' Info: End of reference (cite) `cite.ReplayBuffer', line 104.

Package `hyperref' Info: End of reference (cite) `cite.RLNature2015', line 104.

Package `hyperref' Info: End of reference (cite) `cite.RLNature2015', line 104.

Package `hyperref' Info: End of reference (cite) `cite.deepmind1', line 106.
Package `hyperref' Info: End of reference (cite) `cite.deepmind1', line 106.
Package `hyperref' Info: End of reference (cite) `cite.BengioCurrLearning', lin
e 106.
Package `hyperref' Info: End of reference (cite) `cite.BengioCurrLearning', lin
e 106.
Package `hyperref' Info: End of reference (cite) `cite.deepmind2', line 108.
Package `hyperref' Info: End of reference (cite) `cite.deepmind2', line 108.
Package `hyperref' Info: End of reference (cite) `cite.deepmind3', line 108.
Package `hyperref' Info: End of reference (cite) `cite.deepmind3', line 108.
Package `hyperref' Info: End of reference (cite) `cite.gail', line 108.
Package `hyperref' Info: End of reference (cite) `cite.gail', line 108.
Package `hyperref' Info: End of reference (cite) `cite.deepmimic', line 110.
Package `hyperref' Info: End of reference (cite) `cite.deepmimic', line 110.
Package `hyperref' Info: End of reference (cite) `cite.abbas', line 112.
Package `hyperref' Info: End of reference (cite) `cite.abbas', line 112.
Package `hyperref' Info: End of reference (cite) `cite.abbas', line 114.
Package `hyperref' Info: End of reference (cite) `cite.abbas', line 114.
Package `hyperref' Info: End of reference (cite) `cite.deepmimic', line 114.
Package `hyperref' Info: End of reference (cite) `cite.deepmimic', line 114.
]
Package hyperref Info: Anchor `section.1.5' on input line 118.

pdftex: bookmark at 118: {1.5} {\numberline{1.5}Contributions} {section.1.5}{1}
{toc}
Package hyperref Info: Anchor `section.1.6' on input line 122.
pdftex: bookmark at 122: {1.6} {\numberline{1.6}Outline of this Dissertation} {
section.1.6}{1}{toc}
LaTeX Font Info:    Try loading font information for TS1+aer on input line 127.

LaTeX Font Info:    No file TS1aer.fd. on input line 127.

LaTeX Font Warning: Font shape `TS1/aer/m/n' undefined
(Font)              using `TS1/cmr/m/n' instead
(Font)              for symbol `textbullet' on input line 127.

Package hyperref Info: Reference (link) `chapter.1' on input line 127.
Package hyperref Info: Reference (link) `chapter.2' on input line 130.
Package hyperref Info: Reference (link) `chapter.3' on input line 132.
)
Package hyperref Info: Anchor `page.19' on input line 185.
 [19
Package `hyperref' Info: End of reference (link) `chapter.1', line 127.
Package `hyperref' Info: End of reference (link) `chapter.2', line 130.
Package `hyperref' Info: End of reference (link) `chapter.3', line 132.
]
Package hyperref Info: Anchor `chapter.2' on input line 185.

Chapter 2.
pdftex: bookmark at 185: {2} {\numberline{2}Reinforcement Learning} {chapter.2}
{0}{toc}
(./Chapter2/reinforcement_learning.tex
Package hyperref Info: Anchor `section.2.1' on input line 1.

pdftex: bookmark at 1: {2.1} {\numberline{2.1}Model Introduction} {section.2.1}
{1}{toc}
Package hyperref Info: Reference (cite) `cite.Sutton1998' on input line 3.
Package hyperref Info: Reference (cite) `cite.Sutton1998' on input line 3.
Package hyperref Info: Reference (link) `figure.caption.11' on input line 5.
Package hyperref Info: Anchor `figure.caption.11' on input line 7.
<Chapter2/RL_basic_model.png, id=385, 446.66875pt x 444.66125pt>
File: Chapter2/RL_basic_model.png Graphic file (type png)

<use Chapter2/RL_basic_model.png>
Package pdftex.def Info: Chapter2/RL_basic_model.png used on input line 9.
(pdftex.def)             Requested size: 182.09486pt x 181.28098pt.

pdftex: bookmark at 10: {2.1} {\numberline{2.1}{\ignorespaces Agent interacting
 with environment.\relax }} {figure.caption.11}{0}{lof}
Package hyperref Info: Anchor `section.2.2' on input line 15.
pdftex: bookmark at 15: {2.2} {\numberline{2.2}Markov Decision Processes} {sect
ion.2.2}{1}{toc}
Package hyperref Info: Reference (link) `equation.2.2.1' on input line 17.
Package hyperref Info: Anchor `page.20' on input line 18.
[20

Package `hyperref' Info: End of reference (cite) `cite.Sutton1998', line 3.
Package `hyperref' Info: End of reference (cite) `cite.Sutton1998', line 3.
Package `hyperref' Info: End of reference (link) `figure.caption.11', line 5.
 <./Chapter2/RL_basic_model.png>]
Package hyperref Info: Anchor `equation.2.2.1' on input line 19.
Package hyperref Info: Anchor `equation.2.2.2' on input line 44.
Package hyperref Info: Anchor `equation.2.2.3' on input line 50.
Package hyperref Info: Anchor `equation.2.2.4' on input line 56.
Package hyperref Info: Anchor `page.21' on input line 59.
 [21
Package `hyperref' Info: End of reference (link) `equation.2.2.1', line 17.
]
Package hyperref Info: Anchor `equation.2.2.5' on input line 63.
Package hyperref Info: Anchor `subsection.2.2.1' on input line 70.

pdftex: bookmark at 70: {2.2.1} {\numberline{2.2.1}Optimality in Reinforcement 
Learning} {subsection.2.2.1}{2}{toc}
Package hyperref Info: Anchor `subsubsection.2.2.1.1' on input line 74.
pdftex: bookmark at 74: {2.2.1.1} {\numberline{2.2.1.1}Optimal Value Function} 
{subsubsection.2.2.1.1}{3}{toc}
Package hyperref Info: Anchor `subsubsection.2.2.1.2' on input line 86.
pdftex: bookmark at 86: {2.2.1.2} {\numberline{2.2.1.2}Optimal Policy} {subsubs
ection.2.2.1.2}{3}{toc}
Package hyperref Info: Reference (link) `equation.2.2.6' on input line 88.
Package hyperref Info: Anchor `equation.2.2.6' on input line 90.
Package hyperref Info: Anchor `page.22' on input line 96.
[22
Package `hyperref' Info: End of reference (link) `equation.2.2.6', line 88.
]
Package hyperref Info: Reference (link) `equation.2.2.7' on input line 106.
Package hyperref Info: Anchor `equation.2.2.7' on input line 108.
Package hyperref Info: Anchor `section.2.3' on input line 117.

pdftex: bookmark at 117: {2.3} {\numberline{2.3}RL Algorithms} {section.2.3}{1}
{toc}
Package hyperref Info: Anchor `subsection.2.3.1' on input line 121.
pdftex: bookmark at 121: {2.3.1} {\numberline{2.3.1}Categorizing RL} {subsectio
n.2.3.1}{2}{toc}
Package hyperref Info: Reference (link) `figure.caption.12' on input line 129.
Package hyperref Info: Reference (cite) `cite.lecture1DS' on input line 129.

Package hyperref Warning: Suppressing empty link on input line 129.

Package hyperref Info: Anchor `page.23' on input line 132.
[23
Package `hyperref' Info: End of reference (link) `equation.2.2.7', line 106.
Package `hyperref' Info: End of reference (link) `figure.caption.12', line 129.

Package `hyperref' Info: End of reference (cite) `cite.lecture1DS', line 129.
]
Package hyperref Info: Anchor `figure.caption.12' on input line 136.
 <Chapter2/categorizing_RL.png, id=420, 575.14874pt x 501.875pt>
File: Chapter2/categorizing_RL.png Graphic file (type png)

<use Chapter2/categorizing_RL.png>
Package pdftex.def Info: Chapter2/categorizing_RL.png used on input line 138.
(pdftex.def)             Requested size: 227.62206pt x 198.62517pt.

pdftex: bookmark at 139: {2.2} {\numberline{2.2}{\ignorespaces Classical divisi
on among RL algorithms classifications.\relax }} {figure.caption.12}{0}{lof}
Package hyperref Info: Anchor `subsection.2.3.2' on input line 143.
pdftex: bookmark at 143: {2.3.2} {\numberline{2.3.2}Value Function Methods} {su
bsection.2.3.2}{2}{toc}
Package hyperref Info: Anchor `subsubsection.2.3.2.1' on input line 147.
pdftex: bookmark at 147: {2.3.2.1} {\numberline{2.3.2.1}Monte Carlo Methods} {s
ubsubsection.2.3.2.1}{3}{toc}
Package hyperref Info: Reference (cite) `cite.Sutton1998' on input line 149.
Package hyperref Info: Reference (cite) `cite.Sutton1998' on input line 149.
Package hyperref Info: Reference (link) `equation.2.2.4' on input line 149.
Package hyperref Info: Reference (link) `equation.2.2.5' on input line 149.
Package hyperref Info: Anchor `page.24' on input line 153.
[24
Package `hyperref' Info: End of reference (cite) `cite.Sutton1998', line 149.
Package `hyperref' Info: End of reference (cite) `cite.Sutton1998', line 149.
Package `hyperref' Info: End of reference (link) `equation.2.2.4', line 149.
Package `hyperref' Info: End of reference (link) `equation.2.2.5', line 149.
 <./Chapter2/categorizing_RL.png>]
Package hyperref Info: Reference (link) `equation.2.2.7' on input line 153.
Package hyperref Info: Reference (link) `equation.2.2.7' on input line 155.
Package hyperref Info: Reference (link) `equation.2.3.8' on input line 155.
Package hyperref Info: Anchor `equation.2.3.8' on input line 157.
Package hyperref Info: Anchor `subsubsection.2.3.2.2' on input line 172.

pdftex: bookmark at 172: {2.3.2.2} {\numberline{2.3.2.2}Temporal-Difference and
 Sarsa} {subsubsection.2.3.2.2}{3}{toc}
Package hyperref Info: Reference (cite) `cite.Sutton1998' on input line 174.
Package hyperref Info: Reference (cite) `cite.Sutton1998' on input line 174.
Package hyperref Info: Reference (cite) `cite.TDLearning' on input line 174.
Package hyperref Info: Reference (cite) `cite.TDLearning' on input line 174.
Package hyperref Info: Reference (link) `equation.2.3.9' on input line 174.
Package hyperref Info: Anchor `equation.2.3.9' on input line 176.
Package hyperref Info: Reference (link) `algocf.1' on input line 181.
Package hyperref Info: Anchor `algocfline.1' on input line 183.
Package hyperref Info: Anchor `algocf.1' on input line 197.
pdftex: bookmark at 197: {1} {\numberline{1}{\ignorespaces Sarsa algorithm\rela
x }} {algocf.1}{0}{loa}
Package hyperref Info: Anchor `page.25' on input line 201.
[25
Package `hyperref' Info: End of reference (link) `equation.2.2.7', line 153.
Package `hyperref' Info: End of reference (link) `equation.2.2.7', line 155.
Package `hyperref' Info: End of reference (link) `equation.2.3.8', line 155.
Package `hyperref' Info: End of reference (cite) `cite.Sutton1998', line 174.
Package `hyperref' Info: End of reference (cite) `cite.Sutton1998', line 174.
Package `hyperref' Info: End of reference (cite) `cite.TDLearning', line 174.
Package `hyperref' Info: End of reference (cite) `cite.TDLearning', line 174.
Package `hyperref' Info: End of reference (link) `equation.2.3.9', line 174.
]
Package hyperref Info: Reference (link) `equation.2.3.11' on input line 201.
Package hyperref Info: Anchor `equation.2.3.10' on input line 207.
Package hyperref Info: Anchor `equation.2.3.11' on input line 207.
Package hyperref Info: Anchor `subsubsection.2.3.2.3' on input line 214.

pdftex: bookmark at 214: {2.3.2.3} {\numberline{2.3.2.3}Q-Learning} {subsubsect
ion.2.3.2.3}{3}{toc}
Package hyperref Info: Reference (cite) `cite.Sutton1998' on input line 216.
Package hyperref Info: Reference (cite) `cite.Sutton1998' on input line 216.
Package hyperref Info: Reference (link) `equation.2.3.12' on input line 216.
Package hyperref Info: Anchor `equation.2.3.12' on input line 218.
Package hyperref Info: Reference (cite) `cite.QLearning' on input line 223.
Package hyperref Info: Reference (cite) `cite.QLearning' on input line 223.
Package hyperref Info: Reference (link) `equation.2.3.13' on input line 223.
Package hyperref Info: Anchor `page.26' on input line 224.
[26
Package `hyperref' Info: End of reference (link) `algocf.1', line 181.
Package `hyperref' Info: End of reference (link) `equation.2.3.11', line 201.
Package `hyperref' Info: End of reference (cite) `cite.Sutton1998', line 216.
Package `hyperref' Info: End of reference (cite) `cite.Sutton1998', line 216.
Package `hyperref' Info: End of reference (link) `equation.2.3.12', line 216.
]
Package hyperref Info: Anchor `equation.2.3.13' on input line 225.
Package hyperref Info: Anchor `subsection.2.3.3' on input line 230.

pdftex: bookmark at 230: {2.3.3} {\numberline{2.3.3}Policy Search Methods} {sub
section.2.3.3}{2}{toc}
Package hyperref Info: Reference (link) `equation.2.3.14' on input line 232.
Package hyperref Info: Reference (link) `equation.2.3.15' on input line 232.
Package hyperref Info: Anchor `equation.2.3.14' on input line 241.
Package hyperref Info: Anchor `equation.2.3.15' on input line 241.
Package hyperref Info: Reference (link) `equation.2.3.16' on input line 243.
Package hyperref Info: Reference (link) `equation.2.3.17' on input line 243.
Package hyperref Info: Anchor `equation.2.3.16' on input line 245.
Package hyperref Info: Anchor `equation.2.3.17' on input line 250.
Package hyperref Info: Anchor `page.27' on input line 255.
[27
Package `hyperref' Info: End of reference (cite) `cite.QLearning', line 223.
Package `hyperref' Info: End of reference (cite) `cite.QLearning', line 223.
Package `hyperref' Info: End of reference (link) `equation.2.3.13', line 223.
Package `hyperref' Info: End of reference (link) `equation.2.3.14', line 232.
Package `hyperref' Info: End of reference (link) `equation.2.3.15', line 232.
Package `hyperref' Info: End of reference (link) `equation.2.3.16', line 243.
Package `hyperref' Info: End of reference (link) `equation.2.3.17', line 243.
]
Package hyperref Info: Reference (link) `equation.2.3.17' on input line 257.
Package hyperref Info: Reference (cite) `cite.REINFORCE' on input line 257.
Package hyperref Info: Reference (cite) `cite.REINFORCE' on input line 257.
Package hyperref Info: Reference (link) `algocf.2' on input line 257.
Package hyperref Info: Anchor `algocfline.2' on input line 259.
Package hyperref Info: Anchor `algocf.2' on input line 269.

pdftex: bookmark at 269: {2} {\numberline{2}{\ignorespaces REINFORCE algorithm\
relax }} {algocf.2}{0}{loa}
Package hyperref Info: Anchor `subsection.2.3.4' on input line 280.
pdftex: bookmark at 280: {2.3.4} {\numberline{2.3.4}Actor-Critic} {subsection.2
.3.4}{2}{toc}
Package hyperref Info: Reference (link) `algocf.2' on input line 283.
Package hyperref Info: Reference (link) `equation.2.3.18' on input line 283.
Package hyperref Info: Anchor `equation.2.3.18' on input line 285.
)
Package hyperref Info: Anchor `page.28' on input line 193.
 [28
Package `hyperref' Info: End of reference (link) `equation.2.3.17', line 257.
Package `hyperref' Info: End of reference (cite) `cite.REINFORCE', line 257.
Package `hyperref' Info: End of reference (cite) `cite.REINFORCE', line 257.
Package `hyperref' Info: End of reference (link) `algocf.2', line 257.
Package `hyperref' Info: End of reference (link) `algocf.2', line 283.
Package `hyperref' Info: End of reference (link) `equation.2.3.18', line 283.
]
Package hyperref Info: Anchor `chapter.3' on input line 193.

Chapter 3.
pdftex: bookmark at 193: {3} {\numberline{3}Deep Reinforcement Learning} {chapt
er.3}{0}{toc}
(./Chapter4/deep_rl.tex
Package hyperref Info: Anchor `section.3.1' on input line 7.

pdftex: bookmark at 7: {3.1} {\numberline{3.1}Neural Networks} {section.3.1}{1}
{toc}
Package hyperref Info: Anchor `subsection.3.1.1' on input line 13.
pdftex: bookmark at 13: {3.1.1} {\numberline{3.1.1}Representation} {subsection.
3.1.1}{2}{toc}
Package hyperref Info: Anchor `page.29' on input line 23.
[29

]
Overfull \hbox (5.1163pt too wide) in paragraph at lines 26--27
[]\T1/aer/m/n/12 Each $\OML/cmm/m/it/12 j$\T1/aer/m/n/12 th hid-den unit has a 
row-vector lin-ear pa-ram-e-ter $\OML/cmm/m/it/12 w[]$ \T1/aer/m/n/12 with di-m
en-sions $\OT1/cmr/m/n/12 (1\OML/cmm/m/it/12 ; n[]\OT1/cmr/m/n/12 )$\T1/aer/m/n
/12 .
 []

Package hyperref Info: Reference (link) `equation.3.1.1' on input line 32.
Package hyperref Info: Anchor `equation.3.1.1' on input line 34.
Package hyperref Info: Reference (link) `equation.3.1.2' on input line 41.
Package hyperref Info: Reference (link) `equation.3.1.3' on input line 41.
Package hyperref Info: Reference (link) `figure.caption.13' on input line 41.
Package hyperref Info: Anchor `equation.3.1.2' on input line 49.
Package hyperref Info: Anchor `equation.3.1.3' on input line 49.
Package hyperref Info: Anchor `figure.caption.13' on input line 51.
<Chapter4/neuralnet.pdf, id=499, 643.15717pt x 345.50963pt>
File: Chapter4/neuralnet.pdf Graphic file (type pdf)

<use Chapter4/neuralnet.pdf>
Package pdftex.def Info: Chapter4/neuralnet.pdf used on input line 53.
(pdftex.def)             Requested size: 273.14923pt x 146.74211pt.

pdftex: bookmark at 54: {3.1} {\numberline{3.1}{\ignorespaces Shallow Neural Ne
twork Architecture.\relax }} {figure.caption.13}{0}{lof}
Package hyperref Info: Anchor `page.30' on input line 59.
[30
Package `hyperref' Info: End of reference (link) `equation.3.1.1', line 32.
Package `hyperref' Info: End of reference (link) `equation.3.1.2', line 41.
Package `hyperref' Info: End of reference (link) `equation.3.1.3', line 41.
Package `hyperref' Info: End of reference (link) `figure.caption.13', line 41.
 <./Chapter4/neuralnet.pdf>]
Package hyperref Info: Reference (link) `equation.3.1.4' on input line 60.
Package hyperref Info: Reference (link) `equation.3.1.5' on input line 60.
Package hyperref Info: Anchor `equation.3.1.4' on input line 62.
Package hyperref Info: Anchor `equation.3.1.5' on input line 67.
Package hyperref Info: Anchor `subsection.3.1.2' on input line 81.

pdftex: bookmark at 81: {3.1.2} {\numberline{3.1.2}Vectorization} {subsection.3
.1.2}{2}{toc}
Package hyperref Info: Reference (link) `equation.3.1.6' on input line 85.
Package hyperref Info: Anchor `equation.3.1.6' on input line 87.
Package hyperref Info: Reference (link) `equation.3.1.7' on input line 97.
Package hyperref Info: Anchor `equation.3.1.7' on input line 99.
Package hyperref Info: Reference (link) `equation.3.1.8' on input line 116.
Package hyperref Info: Reference (link) `equation.3.1.9' on input line 116.
Package hyperref Info: Anchor `page.31' on input line 117.
[31
Package `hyperref' Info: End of reference (link) `equation.3.1.4', line 60.
Package `hyperref' Info: End of reference (link) `equation.3.1.5', line 60.
Package `hyperref' Info: End of reference (link) `equation.3.1.6', line 85.
Package `hyperref' Info: End of reference (link) `equation.3.1.7', line 97.
]
Package hyperref Info: Anchor `equation.3.1.8' on input line 124.
Package hyperref Info: Anchor `equation.3.1.9' on input line 124.
Package hyperref Info: Anchor `subsection.3.1.3' on input line 126.

pdftex: bookmark at 126: {3.1.3} {\numberline{3.1.3}Forward Propagation} {subse
ction.3.1.3}{2}{toc}
Package hyperref Info: Anchor `algocfline.3' on input line 130.
Package hyperref Info: Anchor `algocf.3' on input line 139.
pdftex: bookmark at 139: {3} {\numberline{3}{\ignorespaces Forward Propagation\
relax }} {algocf.3}{0}{loa}
Package hyperref Info: Anchor `subsection.3.1.4' on input line 143.
pdftex: bookmark at 143: {3.1.4} {\numberline{3.1.4}Backward Propagation} {subs
ection.3.1.4}{2}{toc}
Package hyperref Info: Reference (link) `equation.3.1.10' on input line 145.
Package hyperref Info: Reference (link) `equation.3.1.13' on input line 145.
Package hyperref Info: Anchor `equation.3.1.10' on input line 155.
Package hyperref Info: Anchor `equation.3.1.11' on input line 155.
Package hyperref Info: Anchor `equation.3.1.12' on input line 155.
Package hyperref Info: Anchor `equation.3.1.13' on input line 155.
Package hyperref Info: Reference (link) `algocf.4' on input line 157.
Package hyperref Info: Anchor `page.32' on input line 158.
[32
Package `hyperref' Info: End of reference (link) `equation.3.1.8', line 116.
Package `hyperref' Info: End of reference (link) `equation.3.1.9', line 116.
Package `hyperref' Info: End of reference (link) `equation.3.1.10', line 145.
Package `hyperref' Info: End of reference (link) `equation.3.1.13', line 145.
]
Package hyperref Info: Anchor `algocfline.4' on input line 159.
Package hyperref Info: Anchor `algocf.4' on input line 171.

pdftex: bookmark at 171: {4} {\numberline{4}{\ignorespaces Backward Propagation
\relax }} {algocf.4}{0}{loa}
Package hyperref Info: Reference (link) `algocf.5' on input line 175.
Package hyperref Info: Anchor `algocfline.5' on input line 177.
Package hyperref Info: Anchor `algocf.5' on input line 190.
pdftex: bookmark at 190: {5} {\numberline{5}{\ignorespaces Gradient Descent\rel
ax }} {algocf.5}{0}{loa}
Package hyperref Info: Anchor `section.3.2' on input line 196.
pdftex: bookmark at 196: {3.2} {\numberline{3.2}Trust Region Policy Optimizatio
n} {section.3.2}{1}{toc}
Package hyperref Info: Reference (cite) `cite.TRPO' on input line 200.
Package hyperref Info: Reference (cite) `cite.TRPO' on input line 200.
Package hyperref Info: Anchor `page.33' on input line 201.
[33
Package `hyperref' Info: End of reference (link) `algocf.4', line 157.
Package `hyperref' Info: End of reference (link) `algocf.5', line 175.
]
Package hyperref Info: Reference (link) `equation.3.2.14' on input line 206.
Package hyperref Info: Anchor `equation.3.2.14' on input line 210.
Package hyperref Info: Reference (link) `equation.3.2.16' on input line 215.
Package hyperref Info: Reference (link) `equation.3.2.15' on input line 215.
Package hyperref Info: Reference (link) `algocf.6' on input line 215.
Package hyperref Info: Anchor `equation.3.2.15' on input line 226.
Package hyperref Info: Anchor `equation.3.2.16' on input line 226.
Package hyperref Info: Anchor `algocfline.6' on input line 228.
Package hyperref Info: Anchor `algocf.6' on input line 239.

pdftex: bookmark at 239: {6} {\numberline{6}{\ignorespaces TRPO\relax }} {algoc
f.6}{0}{loa}
Package hyperref Info: Anchor `page.34' on input line 243.
[34
Package `hyperref' Info: End of reference (cite) `cite.TRPO', line 200.
Package `hyperref' Info: End of reference (cite) `cite.TRPO', line 200.
Package `hyperref' Info: End of reference (link) `equation.3.2.14', line 206.
Package `hyperref' Info: End of reference (link) `equation.3.2.16', line 215.
Package `hyperref' Info: End of reference (link) `equation.3.2.15', line 215.
Package `hyperref' Info: End of reference (link) `algocf.6', line 215.
]
Package hyperref Info: Reference (cite) `cite.PPO' on input line 245.
Package hyperref Info: Reference (cite) `cite.PPO' on input line 245.
Package hyperref Info: Anchor `section.3.3' on input line 247.

pdftex: bookmark at 247: {3.3} {\numberline{3.3}Proximal Policy Optimization (P
PO)} {section.3.3}{1}{toc}
Package hyperref Info: Reference (cite) `cite.PPO' on input line 249.
Package hyperref Info: Reference (cite) `cite.PPO' on input line 249.
Package hyperref Info: Reference (link) `equation.3.3.17' on input line 253.
Package hyperref Info: Reference (link) `equation.3.3.18' on input line 253.
Package hyperref Info: Anchor `equation.3.3.17' on input line 255.
Package hyperref Info: Anchor `equation.3.3.18' on input line 260.
Package hyperref Info: Reference (link) `equation.3.3.18' on input line 265.
Package hyperref Info: Reference (link) `equation.3.3.19' on input line 265.
Package hyperref Info: Anchor `page.35' on input line 266.
[35
Package `hyperref' Info: End of reference (cite) `cite.PPO', line 245.
Package `hyperref' Info: End of reference (cite) `cite.PPO', line 245.
Package `hyperref' Info: End of reference (cite) `cite.PPO', line 249.
Package `hyperref' Info: End of reference (cite) `cite.PPO', line 249.
Package `hyperref' Info: End of reference (link) `equation.3.3.17', line 253.
Package `hyperref' Info: End of reference (link) `equation.3.3.18', line 253.
]
Package hyperref Info: Anchor `equation.3.3.19' on input line 267.
) (./tese_spy.bbl (./tese_spy.brf)
\tf@brf=\write9
\openout9 = `tese_spy.brf'.

Package hyperref Info: Anchor `page.36' on input line 3.
 [36
Package `hyperref' Info: End of reference (link) `equation.3.3.18', line 265.
Package `hyperref' Info: End of reference (link) `equation.3.3.19', line 265.
]
Package hyperref Info: Anchor `chapter*.14' on input line 3.
Package hyperref Info: Anchor `chapter.4' on input line 3.

pdftex: bookmark at 3: {4} {Bibliography} {chapter.4}{0}{toc}
Package hyperref Info: Anchor `cite.abbas' on input line 14.

! Package inputenc Error: Keyboard character used is undefined
(inputenc)                in inputencoding `latin1'.

See the inputenc package documentation for explanation.
Type  H <return>  for immediate help.
 ...                                              
                                                  
l.14 
     
You need to provide a definition with \DeclareInputText 
or \DeclareInputMath before using this key.

Package hyperref Info: Anchor `cite.TDLearning' on input line 20.
Package hyperref Info: Anchor `cite.BengioCurrLearning' on input line 28.
Package hyperref Info: Anchor `cite.deepmind1' on input line 35.
Package hyperref Info: Anchor `cite.gail' on input line 41.

! Package inputenc Error: Keyboard character used is undefined
(inputenc)                in inputencoding `latin1'.

See the inputenc package documentation for explanation.
Type  H <return>  for immediate help.
 ...                                              
                                                  
l.41 
     
You need to provide a definition with \DeclareInputText 
or \DeclareInputMath before using this key.


! Package inputenc Error: Keyboard character used is undefined
(inputenc)                in inputencoding `latin1'.

See the inputenc package documentation for explanation.
Type  H <return>  for immediate help.
 ...                                              
                                                  
l.41 
     
You need to provide a definition with \DeclareInputText 
or \DeclareInputMath before using this key.

Package hyperref Info: Anchor `cite.DDPG' on input line 49.
Package hyperref Info: Anchor `cite.ReplayBuffer' on input line 55.
Package hyperref Info: Anchor `cite.AIapplications' on input line 62.
! You can't use `macro parameter character #' in horizontal mode.
<argument> ...ses-for-machine-learning-and-ai\-/##
                                                  1b87569994c9$>$.} 
l.62 
     
Sorry, but I'm not programmed to handle this case;
I'll just pretend that you didn't ask for it.
If you're in the wrong mode, you might be able to
return to the right one by typing `I}' or `I$' or `I\par'.

Package hyperref Info: Anchor `cite.deepmind2' on input line 69.
Package hyperref Info: Anchor `cite.RLNature2015' on input line 83.
Package hyperref Info: Anchor `page.37' on input line 83.
[37

Package `hyperref' Info: End of reference (link) `algocf.6', line 215.
Package `hyperref' Info: End of reference (link) `algocf.6', line 215.
]
Package hyperref Info: Anchor `cite.deepmimic' on input line 89.
Package hyperref Info: Anchor `cite.TRPO' on input line 97.
Package hyperref Info: Anchor `cite.PPO' on input line 105.
Package hyperref Info: Anchor `cite.lecture1DS' on input line 112.
Package hyperref Info: Anchor `cite.AlphaGoZero' on input line 121.
Package hyperref Info: Anchor `cite.Sutton1998' on input line 127.
Package hyperref Info: Anchor `cite.deepmind3' on input line 133.
Package hyperref Info: Anchor `cite.QLearning' on input line 139.
Package hyperref Info: Anchor `cite.REINFORCE' on input line 145.
)
Package hyperref Info: Anchor `page.38' on input line 232.
 [38
Package `hyperref' Info: End of reference (link) `algocf.6', line 215.
Package `hyperref' Info: End of reference (link) `algocf.6', line 215.
Package `hyperref' Info: End of reference (link) `algocf.6', line 215.
Package `hyperref' Info: End of reference (link) `algocf.6', line 215.
]
\bottommargin=\skip87
\rightmarginn=\skip88
Package hyperref Info: Anchor `bla.0' on input line 232.
 (./Cap0/resumo.tex) (./Cap0/resumo.tex) (./Cap0/resumo.tex)
Overfull \hbox (74.53033pt too wide) in paragraph at lines 232--232
[][] 
 []


AED: lastpage setting LastPage
Package hyperref Info: Anchor `page.39' on input line 234.
[39

]
Package atveryend Info: Empty hook `BeforeClearDocument' on input line 234.
Package atveryend Info: Empty hook `AfterLastShipout' on input line 234.
 (./tese_spy.aux)
Package atveryend Info: Executing hook `AtVeryEndDocument' on input line 234.
Package atveryend Info: Executing hook `AtEndAfterFileList' on input line 234.
Package rerunfilecheck Info: File `tese_spy.out' has not changed.
(rerunfilecheck)             Checksum: 2F6470FD51958FE24CC6F7B517864842;2432.
Package rerunfilecheck Info: File `tese_spy.brf' has not changed.
(rerunfilecheck)             Checksum: D41D8CD98F00B204E9800998ECF8427E;0.


LaTeX Font Warning: Some font shapes were not available, defaults substituted.


LaTeX Warning: Label(s) may have changed. Rerun to get cross-references right.

Package atveryend Info: Empty hook `AtVeryVeryEnd' on input line 234.
 ) 
Here is how much of TeX's memory you used:
 11563 strings out of 493029
 170320 string characters out of 6136234
 286666 words of memory out of 5000000
 14586 multiletter control sequences out of 15000+600000
 60335 words of font info for 119 fonts, out of 8000000 for 9000
 1141 hyphenation exceptions out of 8191
 43i,16n,45p,1850b,516s stack positions out of 5000i,500n,10000p,200000b,80000s
{/usr/share/texmf/fonts/enc/dvips/cm-super/cm-super-ts1.enc}</usr/share/texli
ve/texmf-dist/fonts/type1/public/amsfonts/cm/cmbx10.pfb></usr/share/texlive/tex
mf-dist/fonts/type1/public/amsfonts/cm/cmbx12.pfb></usr/share/texlive/texmf-dis
t/fonts/type1/public/amsfonts/cm/cmcsc10.pfb></usr/share/texlive/texmf-dist/fon
ts/type1/public/amsfonts/cm/cmex10.pfb></usr/share/texlive/texmf-dist/fonts/typ
e1/public/amsfonts/cm/cmmi12.pfb></usr/share/texlive/texmf-dist/fonts/type1/pub
lic/amsfonts/cm/cmmi6.pfb></usr/share/texlive/texmf-dist/fonts/type1/public/ams
fonts/cm/cmmi7.pfb></usr/share/texlive/texmf-dist/fonts/type1/public/amsfonts/c
m/cmmi8.pfb></usr/share/texlive/texmf-dist/fonts/type1/public/amsfonts/cm/cmr10
.pfb></usr/share/texlive/texmf-dist/fonts/type1/public/amsfonts/cm/cmr12.pfb></
usr/share/texlive/texmf-dist/fonts/type1/public/amsfonts/cm/cmr17.pfb></usr/sha
re/texlive/texmf-dist/fonts/type1/public/amsfonts/cm/cmr6.pfb></usr/share/texli
ve/texmf-dist/fonts/type1/public/amsfonts/cm/cmr7.pfb></usr/share/texlive/texmf
-dist/fonts/type1/public/amsfonts/cm/cmr8.pfb></usr/share/texlive/texmf-dist/fo
nts/type1/public/amsfonts/cm/cmsy10.pfb></usr/share/texlive/texmf-dist/fonts/ty
pe1/public/amsfonts/cm/cmsy6.pfb></usr/share/texlive/texmf-dist/fonts/type1/pub
lic/amsfonts/cm/cmsy8.pfb></usr/share/texlive/texmf-dist/fonts/type1/public/ams
fonts/cm/cmti10.pfb></usr/share/texlive/texmf-dist/fonts/type1/public/amsfonts/
cm/cmti12.pfb></usr/share/texlive/texmf-dist/fonts/type1/public/amsfonts/symbol
s/msbm10.pfb></usr/share/texmf/fonts/type1/public/cm-super/sfrm0800.pfb></usr/s
hare/texmf/fonts/type1/public/cm-super/sfrm1200.pfb>
Output written on tese_spy.pdf (40 pages, 3220914 bytes).
PDF statistics:
 724 PDF objects out of 1000 (max. 8388607)
 636 compressed objects within 7 object streams
 167 named destinations out of 1000 (max. 500000)
 365 words of extra memory for PDF output out of 10000 (max. 10000000)

